#
# There is insufficient memory for the Java Runtime Environment to continue.
# Native memory allocation (malloc) failed to allocate 32744 bytes for ChunkPool::allocate
# Possible reasons:
#   The system is out of physical RAM or swap space
#   The process is running with CompressedOops enabled, and the Java Heap may be blocking the growth of the native heap
# Possible solutions:
#   Reduce memory load on the system
#   Increase physical memory or swap space
#   Check if swap backing store is full
#   Decrease Java heap size (-Xmx/-Xms)
#   Decrease number of Java threads
#   Decrease Java thread stack sizes (-Xss)
#   Set larger code cache with -XX:ReservedCodeCacheSize=
#   JVM is running with Unscaled Compressed Oops mode in which the Java heap is
#     placed in the first 4GB address space. The Java Heap base address is the
#     maximum limit for the native heap growth. Please use -XX:HeapBaseMinAddress
#     to set the Java Heap base and to place the Java Heap above 4GB virtual address.
# This output file may be truncated or incomplete.
#
#  Out of Memory Error (./open/src/hotspot/share/memory/arena.cpp:79), pid=13892, tid=712
#
# JRE version: Java(TM) SE Runtime Environment (14.0.1+7) (build 14.0.1+7)
# Java VM: Java HotSpot(TM) 64-Bit Server VM (14.0.1+7, mixed mode, sharing, tiered, compressed oops, g1 gc, windows-amd64)
# No core dump will be written. Minidumps are not enabled by default on client versions of Windows
#

---------------  S U M M A R Y ------------

Command Line: -Dfile.encoding=UTF-8 -XX:+ShowCodeDetailsInExceptionMessages Main C:\Users\Pham Thanh\Desktop\Android\JavaCore\BaiTapCuoiKHhoa_JavaCore\QuanLySinhVien\data

Host: Intel(R) Core(TM) i5-3230M CPU @ 2.60GHz, 4 cores, 7G,  Windows 10 , 64 bit Build 19041 (10.0.19041.804)
Time: Mon May  3 21:09:44 2021 SE Asia Standard Time elapsed time: 0 seconds (0d 0h 0m 0s)

---------------  T H R E A D  ---------------

Current thread (0x0000027e720c0800):  JavaThread "C1 CompilerThread0" daemon [_thread_in_native, id=712, stack(0x000000e6cd000000,0x000000e6cd100000)]


Current CompileTask:
C1:    217  222 %     3       sun.nio.cs.UTF_8$Decoder::decodeArrayLoop @ 106 (691 bytes)

Stack: [0x000000e6cd000000,0x000000e6cd100000]
Native frames: (J=compiled Java code, j=interpreted, Vv=VM code, C=native code)
V  [jvm.dll+0x5f840a]
V  [jvm.dll+0x741e4a]
V  [jvm.dll+0x7435ff]
V  [jvm.dll+0x743c43]
V  [jvm.dll+0x20d288]
V  [jvm.dll+0xabea6]
V  [jvm.dll+0xac1fc]
V  [jvm.dll+0x148ee4]
V  [jvm.dll+0x14342e]
V  [jvm.dll+0x12fad0]
V  [jvm.dll+0x117ac9]
V  [jvm.dll+0x1173cf]
V  [jvm.dll+0x1175ff]
V  [jvm.dll+0x116884]
V  [jvm.dll+0x1187d7]
V  [jvm.dll+0x1f4105]
V  [jvm.dll+0x1f22eb]
V  [jvm.dll+0x706a9d]
V  [jvm.dll+0x6ff8ba]
V  [jvm.dll+0x5f72c6]
C  [ucrtbase.dll+0x21bb2]
C  [KERNEL32.DLL+0x17034]
C  [ntdll.dll+0x52651]


---------------  P R O C E S S  ---------------

Threads class SMR info:
_java_thread_list=0x0000027e721db1c0, length=11, elements={
0x0000027e52bba000, 0x0000027e7136c000, 0x0000027e7136e000, 0x0000027e71388800,
0x0000027e7138b800, 0x0000027e7138d800, 0x0000027e71394000, 0x0000027e720c0800,
0x0000027e720cd800, 0x0000027e72216800, 0x0000027e72215000
}

Java Threads: ( => current thread )
  0x0000027e52bba000 JavaThread "main" [_thread_in_native, id=11532, stack(0x000000e6cc300000,0x000000e6cc400000)]
  0x0000027e7136c000 JavaThread "Reference Handler" daemon [_thread_blocked, id=3264, stack(0x000000e6cca00000,0x000000e6ccb00000)]
  0x0000027e7136e000 JavaThread "Finalizer" daemon [_thread_blocked, id=15984, stack(0x000000e6ccb00000,0x000000e6ccc00000)]
  0x0000027e71388800 JavaThread "Signal Dispatcher" daemon [_thread_blocked, id=5068, stack(0x000000e6ccc00000,0x000000e6ccd00000)]
  0x0000027e7138b800 JavaThread "Attach Listener" daemon [_thread_blocked, id=16804, stack(0x000000e6ccd00000,0x000000e6cce00000)]
  0x0000027e7138d800 JavaThread "Service Thread" daemon [_thread_blocked, id=5348, stack(0x000000e6cce00000,0x000000e6ccf00000)]
  0x0000027e71394000 JavaThread "C2 CompilerThread0" daemon [_thread_in_native, id=11360, stack(0x000000e6ccf00000,0x000000e6cd000000)]
=>0x0000027e720c0800 JavaThread "C1 CompilerThread0" daemon [_thread_in_native, id=712, stack(0x000000e6cd000000,0x000000e6cd100000)]
  0x0000027e720cd800 JavaThread "Sweeper thread" daemon [_thread_blocked, id=14524, stack(0x000000e6cd100000,0x000000e6cd200000)]
  0x0000027e72216800 JavaThread "Notification Thread" daemon [_thread_blocked, id=14884, stack(0x000000e6cd200000,0x000000e6cd300000)]
  0x0000027e72215000 JavaThread "Common-Cleaner" daemon [_thread_blocked, id=13572, stack(0x000000e6cd400000,0x000000e6cd500000)]

Other Threads:
  0x0000027e71367800 VMThread "VM Thread" [stack: 0x000000e6cc900000,0x000000e6cca00000] [id=5360]
  0x0000027e72222000 WatcherThread [stack: 0x000000e6cd300000,0x000000e6cd400000] [id=11184]
  0x0000027e52bfb800 GCTaskThread "GC Thread#0" [stack: 0x000000e6cc400000,0x000000e6cc500000] [id=9588]
  0x0000027e52c0d800 ConcurrentGCThread "G1 Main Marker" [stack: 0x000000e6cc500000,0x000000e6cc600000] [id=8168]
  0x0000027e52c0f800 ConcurrentGCThread "G1 Conc#0" [stack: 0x000000e6cc600000,0x000000e6cc700000] [id=2912]
  0x0000027e711de800 ConcurrentGCThread "G1 Refine#0" [stack: 0x000000e6cc700000,0x000000e6cc800000] [id=17020]
  0x0000027e711e0000 ConcurrentGCThread "G1 Young RemSet Sampling" [stack: 0x000000e6cc800000,0x000000e6cc900000] [id=11788]

Threads with active compile tasks:
C2 CompilerThread0      278  218   !   4       java.io.BufferedReader::readLine (304 bytes)
C1 CompilerThread0      278  222 %     3       sun.nio.cs.UTF_8$Decoder::decodeArrayLoop @ 106 (691 bytes)

VM state:not at safepoint (normal execution)

VM Mutex/Monitor currently owned by a thread: None

Heap address: 0x0000000081a00000, size: 2022 MB, Compressed Oops mode: 32-bit
Narrow klass base: 0x0000000800000000, Narrow klass shift: 3
Compressed class space size: 1073741824 Address: 0x0000000800b30000

Heap:
 garbage-first heap   total 131072K, used 3072K [0x0000000081a00000, 0x0000000100000000)
  region size 1024K, 4 young (4096K), 0 survivors (0K)
 Metaspace       used 660K, capacity 1061K, committed 1280K, reserved 1060864K
  class space    used 56K, capacity 412K, committed 512K, reserved 1048576K
Heap Regions: E=young(eden), S=young(survivor), O=old, HS=humongous(starts), HC=humongous(continues), CS=collection set, F=free, OA=open archive, CA=closed archive, TAMS=top-at-mark-start (previous, next)
|   0|0x0000000081a00000, 0x0000000081a00000, 0x0000000081b00000|  0%| F|  |TAMS 0x0000000081a00000, 0x0000000081a00000| Untracked 
|   1|0x0000000081b00000, 0x0000000081b00000, 0x0000000081c00000|  0%| F|  |TAMS 0x0000000081b00000, 0x0000000081b00000| Untracked 
|   2|0x0000000081c00000, 0x0000000081c00000, 0x0000000081d00000|  0%| F|  |TAMS 0x0000000081c00000, 0x0000000081c00000| Untracked 
|   3|0x0000000081d00000, 0x0000000081d00000, 0x0000000081e00000|  0%| F|  |TAMS 0x0000000081d00000, 0x0000000081d00000| Untracked 
|   4|0x0000000081e00000, 0x0000000081e00000, 0x0000000081f00000|  0%| F|  |TAMS 0x0000000081e00000, 0x0000000081e00000| Untracked 
|   5|0x0000000081f00000, 0x0000000081f00000, 0x0000000082000000|  0%| F|  |TAMS 0x0000000081f00000, 0x0000000081f00000| Untracked 
|   6|0x0000000082000000, 0x0000000082000000, 0x0000000082100000|  0%| F|  |TAMS 0x0000000082000000, 0x0000000082000000| Untracked 
|   7|0x0000000082100000, 0x0000000082100000, 0x0000000082200000|  0%| F|  |TAMS 0x0000000082100000, 0x0000000082100000| Untracked 
|   8|0x0000000082200000, 0x0000000082200000, 0x0000000082300000|  0%| F|  |TAMS 0x0000000082200000, 0x0000000082200000| Untracked 
|   9|0x0000000082300000, 0x0000000082300000, 0x0000000082400000|  0%| F|  |TAMS 0x0000000082300000, 0x0000000082300000| Untracked 
|  10|0x0000000082400000, 0x0000000082400000, 0x0000000082500000|  0%| F|  |TAMS 0x0000000082400000, 0x0000000082400000| Untracked 
|  11|0x0000000082500000, 0x0000000082500000, 0x0000000082600000|  0%| F|  |TAMS 0x0000000082500000, 0x0000000082500000| Untracked 
|  12|0x0000000082600000, 0x0000000082600000, 0x0000000082700000|  0%| F|  |TAMS 0x0000000082600000, 0x0000000082600000| Untracked 
|  13|0x0000000082700000, 0x0000000082700000, 0x0000000082800000|  0%| F|  |TAMS 0x0000000082700000, 0x0000000082700000| Untracked 
|  14|0x0000000082800000, 0x0000000082800000, 0x0000000082900000|  0%| F|  |TAMS 0x0000000082800000, 0x0000000082800000| Untracked 
|  15|0x0000000082900000, 0x0000000082900000, 0x0000000082a00000|  0%| F|  |TAMS 0x0000000082900000, 0x0000000082900000| Untracked 
|  16|0x0000000082a00000, 0x0000000082a00000, 0x0000000082b00000|  0%| F|  |TAMS 0x0000000082a00000, 0x0000000082a00000| Untracked 
|  17|0x0000000082b00000, 0x0000000082b00000, 0x0000000082c00000|  0%| F|  |TAMS 0x0000000082b00000, 0x0000000082b00000| Untracked 
|  18|0x0000000082c00000, 0x0000000082c00000, 0x0000000082d00000|  0%| F|  |TAMS 0x0000000082c00000, 0x0000000082c00000| Untracked 
|  19|0x0000000082d00000, 0x0000000082d00000, 0x0000000082e00000|  0%| F|  |TAMS 0x0000000082d00000, 0x0000000082d00000| Untracked 
|  20|0x0000000082e00000, 0x0000000082e00000, 0x0000000082f00000|  0%| F|  |TAMS 0x0000000082e00000, 0x0000000082e00000| Untracked 
|  21|0x0000000082f00000, 0x0000000082f00000, 0x0000000083000000|  0%| F|  |TAMS 0x0000000082f00000, 0x0000000082f00000| Untracked 
|  22|0x0000000083000000, 0x0000000083000000, 0x0000000083100000|  0%| F|  |TAMS 0x0000000083000000, 0x0000000083000000| Untracked 
|  23|0x0000000083100000, 0x0000000083100000, 0x0000000083200000|  0%| F|  |TAMS 0x0000000083100000, 0x0000000083100000| Untracked 
|  24|0x0000000083200000, 0x0000000083200000, 0x0000000083300000|  0%| F|  |TAMS 0x0000000083200000, 0x0000000083200000| Untracked 
|  25|0x0000000083300000, 0x0000000083300000, 0x0000000083400000|  0%| F|  |TAMS 0x0000000083300000, 0x0000000083300000| Untracked 
|  26|0x0000000083400000, 0x0000000083400000, 0x0000000083500000|  0%| F|  |TAMS 0x0000000083400000, 0x0000000083400000| Untracked 
|  27|0x0000000083500000, 0x0000000083500000, 0x0000000083600000|  0%| F|  |TAMS 0x0000000083500000, 0x0000000083500000| Untracked 
|  28|0x0000000083600000, 0x0000000083600000, 0x0000000083700000|  0%| F|  |TAMS 0x0000000083600000, 0x0000000083600000| Untracked 
|  29|0x0000000083700000, 0x0000000083700000, 0x0000000083800000|  0%| F|  |TAMS 0x0000000083700000, 0x0000000083700000| Untracked 
|  30|0x0000000083800000, 0x0000000083800000, 0x0000000083900000|  0%| F|  |TAMS 0x0000000083800000, 0x0000000083800000| Untracked 
|  31|0x0000000083900000, 0x0000000083900000, 0x0000000083a00000|  0%| F|  |TAMS 0x0000000083900000, 0x0000000083900000| Untracked 
|  32|0x0000000083a00000, 0x0000000083a00000, 0x0000000083b00000|  0%| F|  |TAMS 0x0000000083a00000, 0x0000000083a00000| Untracked 
|  33|0x0000000083b00000, 0x0000000083b00000, 0x0000000083c00000|  0%| F|  |TAMS 0x0000000083b00000, 0x0000000083b00000| Untracked 
|  34|0x0000000083c00000, 0x0000000083c00000, 0x0000000083d00000|  0%| F|  |TAMS 0x0000000083c00000, 0x0000000083c00000| Untracked 
|  35|0x0000000083d00000, 0x0000000083d00000, 0x0000000083e00000|  0%| F|  |TAMS 0x0000000083d00000, 0x0000000083d00000| Untracked 
|  36|0x0000000083e00000, 0x0000000083e00000, 0x0000000083f00000|  0%| F|  |TAMS 0x0000000083e00000, 0x0000000083e00000| Untracked 
|  37|0x0000000083f00000, 0x0000000083f00000, 0x0000000084000000|  0%| F|  |TAMS 0x0000000083f00000, 0x0000000083f00000| Untracked 
|  38|0x0000000084000000, 0x0000000084000000, 0x0000000084100000|  0%| F|  |TAMS 0x0000000084000000, 0x0000000084000000| Untracked 
|  39|0x0000000084100000, 0x0000000084100000, 0x0000000084200000|  0%| F|  |TAMS 0x0000000084100000, 0x0000000084100000| Untracked 
|  40|0x0000000084200000, 0x0000000084200000, 0x0000000084300000|  0%| F|  |TAMS 0x0000000084200000, 0x0000000084200000| Untracked 
|  41|0x0000000084300000, 0x0000000084300000, 0x0000000084400000|  0%| F|  |TAMS 0x0000000084300000, 0x0000000084300000| Untracked 
|  42|0x0000000084400000, 0x0000000084400000, 0x0000000084500000|  0%| F|  |TAMS 0x0000000084400000, 0x0000000084400000| Untracked 
|  43|0x0000000084500000, 0x0000000084500000, 0x0000000084600000|  0%| F|  |TAMS 0x0000000084500000, 0x0000000084500000| Untracked 
|  44|0x0000000084600000, 0x0000000084600000, 0x0000000084700000|  0%| F|  |TAMS 0x0000000084600000, 0x0000000084600000| Untracked 
|  45|0x0000000084700000, 0x0000000084700000, 0x0000000084800000|  0%| F|  |TAMS 0x0000000084700000, 0x0000000084700000| Untracked 
|  46|0x0000000084800000, 0x0000000084800000, 0x0000000084900000|  0%| F|  |TAMS 0x0000000084800000, 0x0000000084800000| Untracked 
|  47|0x0000000084900000, 0x0000000084900000, 0x0000000084a00000|  0%| F|  |TAMS 0x0000000084900000, 0x0000000084900000| Untracked 
|  48|0x0000000084a00000, 0x0000000084a00000, 0x0000000084b00000|  0%| F|  |TAMS 0x0000000084a00000, 0x0000000084a00000| Untracked 
|  49|0x0000000084b00000, 0x0000000084b00000, 0x0000000084c00000|  0%| F|  |TAMS 0x0000000084b00000, 0x0000000084b00000| Untracked 
|  50|0x0000000084c00000, 0x0000000084c00000, 0x0000000084d00000|  0%| F|  |TAMS 0x0000000084c00000, 0x0000000084c00000| Untracked 
|  51|0x0000000084d00000, 0x0000000084d00000, 0x0000000084e00000|  0%| F|  |TAMS 0x0000000084d00000, 0x0000000084d00000| Untracked 
|  52|0x0000000084e00000, 0x0000000084e00000, 0x0000000084f00000|  0%| F|  |TAMS 0x0000000084e00000, 0x0000000084e00000| Untracked 
|  53|0x0000000084f00000, 0x0000000084f00000, 0x0000000085000000|  0%| F|  |TAMS 0x0000000084f00000, 0x0000000084f00000| Untracked 
|  54|0x0000000085000000, 0x0000000085000000, 0x0000000085100000|  0%| F|  |TAMS 0x0000000085000000, 0x0000000085000000| Untracked 
|  55|0x0000000085100000, 0x0000000085100000, 0x0000000085200000|  0%| F|  |TAMS 0x0000000085100000, 0x0000000085100000| Untracked 
|  56|0x0000000085200000, 0x0000000085200000, 0x0000000085300000|  0%| F|  |TAMS 0x0000000085200000, 0x0000000085200000| Untracked 
|  57|0x0000000085300000, 0x0000000085300000, 0x0000000085400000|  0%| F|  |TAMS 0x0000000085300000, 0x0000000085300000| Untracked 
|  58|0x0000000085400000, 0x0000000085400000, 0x0000000085500000|  0%| F|  |TAMS 0x0000000085400000, 0x0000000085400000| Untracked 
|  59|0x0000000085500000, 0x0000000085500000, 0x0000000085600000|  0%| F|  |TAMS 0x0000000085500000, 0x0000000085500000| Untracked 
|  60|0x0000000085600000, 0x0000000085600000, 0x0000000085700000|  0%| F|  |TAMS 0x0000000085600000, 0x0000000085600000| Untracked 
|  61|0x0000000085700000, 0x0000000085700000, 0x0000000085800000|  0%| F|  |TAMS 0x0000000085700000, 0x0000000085700000| Untracked 
|  62|0x0000000085800000, 0x0000000085800000, 0x0000000085900000|  0%| F|  |TAMS 0x0000000085800000, 0x0000000085800000| Untracked 
|  63|0x0000000085900000, 0x0000000085900000, 0x0000000085a00000|  0%| F|  |TAMS 0x0000000085900000, 0x0000000085900000| Untracked 
|  64|0x0000000085a00000, 0x0000000085a00000, 0x0000000085b00000|  0%| F|  |TAMS 0x0000000085a00000, 0x0000000085a00000| Untracked 
|  65|0x0000000085b00000, 0x0000000085b00000, 0x0000000085c00000|  0%| F|  |TAMS 0x0000000085b00000, 0x0000000085b00000| Untracked 
|  66|0x0000000085c00000, 0x0000000085c00000, 0x0000000085d00000|  0%| F|  |TAMS 0x0000000085c00000, 0x0000000085c00000| Untracked 
|  67|0x0000000085d00000, 0x0000000085d00000, 0x0000000085e00000|  0%| F|  |TAMS 0x0000000085d00000, 0x0000000085d00000| Untracked 
|  68|0x0000000085e00000, 0x0000000085e00000, 0x0000000085f00000|  0%| F|  |TAMS 0x0000000085e00000, 0x0000000085e00000| Untracked 
|  69|0x0000000085f00000, 0x0000000085f00000, 0x0000000086000000|  0%| F|  |TAMS 0x0000000085f00000, 0x0000000085f00000| Untracked 
|  70|0x0000000086000000, 0x0000000086000000, 0x0000000086100000|  0%| F|  |TAMS 0x0000000086000000, 0x0000000086000000| Untracked 
|  71|0x0000000086100000, 0x0000000086100000, 0x0000000086200000|  0%| F|  |TAMS 0x0000000086100000, 0x0000000086100000| Untracked 
|  72|0x0000000086200000, 0x0000000086200000, 0x0000000086300000|  0%| F|  |TAMS 0x0000000086200000, 0x0000000086200000| Untracked 
|  73|0x0000000086300000, 0x0000000086300000, 0x0000000086400000|  0%| F|  |TAMS 0x0000000086300000, 0x0000000086300000| Untracked 
|  74|0x0000000086400000, 0x0000000086400000, 0x0000000086500000|  0%| F|  |TAMS 0x0000000086400000, 0x0000000086400000| Untracked 
|  75|0x0000000086500000, 0x0000000086500000, 0x0000000086600000|  0%| F|  |TAMS 0x0000000086500000, 0x0000000086500000| Untracked 
|  76|0x0000000086600000, 0x0000000086600000, 0x0000000086700000|  0%| F|  |TAMS 0x0000000086600000, 0x0000000086600000| Untracked 
|  77|0x0000000086700000, 0x0000000086700000, 0x0000000086800000|  0%| F|  |TAMS 0x0000000086700000, 0x0000000086700000| Untracked 
|  78|0x0000000086800000, 0x0000000086800000, 0x0000000086900000|  0%| F|  |TAMS 0x0000000086800000, 0x0000000086800000| Untracked 
|  79|0x0000000086900000, 0x0000000086900000, 0x0000000086a00000|  0%| F|  |TAMS 0x0000000086900000, 0x0000000086900000| Untracked 
|  80|0x0000000086a00000, 0x0000000086a00000, 0x0000000086b00000|  0%| F|  |TAMS 0x0000000086a00000, 0x0000000086a00000| Untracked 
|  81|0x0000000086b00000, 0x0000000086b00000, 0x0000000086c00000|  0%| F|  |TAMS 0x0000000086b00000, 0x0000000086b00000| Untracked 
|  82|0x0000000086c00000, 0x0000000086c00000, 0x0000000086d00000|  0%| F|  |TAMS 0x0000000086c00000, 0x0000000086c00000| Untracked 
|  83|0x0000000086d00000, 0x0000000086d00000, 0x0000000086e00000|  0%| F|  |TAMS 0x0000000086d00000, 0x0000000086d00000| Untracked 
|  84|0x0000000086e00000, 0x0000000086e00000, 0x0000000086f00000|  0%| F|  |TAMS 0x0000000086e00000, 0x0000000086e00000| Untracked 
|  85|0x0000000086f00000, 0x0000000086f00000, 0x0000000087000000|  0%| F|  |TAMS 0x0000000086f00000, 0x0000000086f00000| Untracked 
|  86|0x0000000087000000, 0x0000000087000000, 0x0000000087100000|  0%| F|  |TAMS 0x0000000087000000, 0x0000000087000000| Untracked 
|  87|0x0000000087100000, 0x0000000087100000, 0x0000000087200000|  0%| F|  |TAMS 0x0000000087100000, 0x0000000087100000| Untracked 
|  88|0x0000000087200000, 0x0000000087200000, 0x0000000087300000|  0%| F|  |TAMS 0x0000000087200000, 0x0000000087200000| Untracked 
|  89|0x0000000087300000, 0x0000000087300000, 0x0000000087400000|  0%| F|  |TAMS 0x0000000087300000, 0x0000000087300000| Untracked 
|  90|0x0000000087400000, 0x0000000087400000, 0x0000000087500000|  0%| F|  |TAMS 0x0000000087400000, 0x0000000087400000| Untracked 
|  91|0x0000000087500000, 0x0000000087500000, 0x0000000087600000|  0%| F|  |TAMS 0x0000000087500000, 0x0000000087500000| Untracked 
|  92|0x0000000087600000, 0x0000000087600000, 0x0000000087700000|  0%| F|  |TAMS 0x0000000087600000, 0x0000000087600000| Untracked 
|  93|0x0000000087700000, 0x0000000087700000, 0x0000000087800000|  0%| F|  |TAMS 0x0000000087700000, 0x0000000087700000| Untracked 
|  94|0x0000000087800000, 0x0000000087800000, 0x0000000087900000|  0%| F|  |TAMS 0x0000000087800000, 0x0000000087800000| Untracked 
|  95|0x0000000087900000, 0x0000000087900000, 0x0000000087a00000|  0%| F|  |TAMS 0x0000000087900000, 0x0000000087900000| Untracked 
|  96|0x0000000087a00000, 0x0000000087a00000, 0x0000000087b00000|  0%| F|  |TAMS 0x0000000087a00000, 0x0000000087a00000| Untracked 
|  97|0x0000000087b00000, 0x0000000087b00000, 0x0000000087c00000|  0%| F|  |TAMS 0x0000000087b00000, 0x0000000087b00000| Untracked 
|  98|0x0000000087c00000, 0x0000000087c00000, 0x0000000087d00000|  0%| F|  |TAMS 0x0000000087c00000, 0x0000000087c00000| Untracked 
|  99|0x0000000087d00000, 0x0000000087d00000, 0x0000000087e00000|  0%| F|  |TAMS 0x0000000087d00000, 0x0000000087d00000| Untracked 
| 100|0x0000000087e00000, 0x0000000087e00000, 0x0000000087f00000|  0%| F|  |TAMS 0x0000000087e00000, 0x0000000087e00000| Untracked 
| 101|0x0000000087f00000, 0x0000000087f00000, 0x0000000088000000|  0%| F|  |TAMS 0x0000000087f00000, 0x0000000087f00000| Untracked 
| 102|0x0000000088000000, 0x0000000088000000, 0x0000000088100000|  0%| F|  |TAMS 0x0000000088000000, 0x0000000088000000| Untracked 
| 103|0x0000000088100000, 0x0000000088100000, 0x0000000088200000|  0%| F|  |TAMS 0x0000000088100000, 0x0000000088100000| Untracked 
| 104|0x0000000088200000, 0x0000000088200000, 0x0000000088300000|  0%| F|  |TAMS 0x0000000088200000, 0x0000000088200000| Untracked 
| 105|0x0000000088300000, 0x0000000088300000, 0x0000000088400000|  0%| F|  |TAMS 0x0000000088300000, 0x0000000088300000| Untracked 
| 106|0x0000000088400000, 0x0000000088400000, 0x0000000088500000|  0%| F|  |TAMS 0x0000000088400000, 0x0000000088400000| Untracked 
| 107|0x0000000088500000, 0x0000000088500000, 0x0000000088600000|  0%| F|  |TAMS 0x0000000088500000, 0x0000000088500000| Untracked 
| 108|0x0000000088600000, 0x0000000088600000, 0x0000000088700000|  0%| F|  |TAMS 0x0000000088600000, 0x0000000088600000| Untracked 
| 109|0x0000000088700000, 0x0000000088700000, 0x0000000088800000|  0%| F|  |TAMS 0x0000000088700000, 0x0000000088700000| Untracked 
| 110|0x0000000088800000, 0x0000000088800000, 0x0000000088900000|  0%| F|  |TAMS 0x0000000088800000, 0x0000000088800000| Untracked 
| 111|0x0000000088900000, 0x0000000088900000, 0x0000000088a00000|  0%| F|  |TAMS 0x0000000088900000, 0x0000000088900000| Untracked 
| 112|0x0000000088a00000, 0x0000000088a00000, 0x0000000088b00000|  0%| F|  |TAMS 0x0000000088a00000, 0x0000000088a00000| Untracked 
| 113|0x0000000088b00000, 0x0000000088b00000, 0x0000000088c00000|  0%| F|  |TAMS 0x0000000088b00000, 0x0000000088b00000| Untracked 
| 114|0x0000000088c00000, 0x0000000088c00000, 0x0000000088d00000|  0%| F|  |TAMS 0x0000000088c00000, 0x0000000088c00000| Untracked 
| 115|0x0000000088d00000, 0x0000000088d00000, 0x0000000088e00000|  0%| F|  |TAMS 0x0000000088d00000, 0x0000000088d00000| Untracked 
| 116|0x0000000088e00000, 0x0000000088e00000, 0x0000000088f00000|  0%| F|  |TAMS 0x0000000088e00000, 0x0000000088e00000| Untracked 
| 117|0x0000000088f00000, 0x0000000088f00000, 0x0000000089000000|  0%| F|  |TAMS 0x0000000088f00000, 0x0000000088f00000| Untracked 
| 118|0x0000000089000000, 0x0000000089000000, 0x0000000089100000|  0%| F|  |TAMS 0x0000000089000000, 0x0000000089000000| Untracked 
| 119|0x0000000089100000, 0x0000000089100000, 0x0000000089200000|  0%| F|  |TAMS 0x0000000089100000, 0x0000000089100000| Untracked 
| 120|0x0000000089200000, 0x0000000089200000, 0x0000000089300000|  0%| F|  |TAMS 0x0000000089200000, 0x0000000089200000| Untracked 
| 121|0x0000000089300000, 0x0000000089300000, 0x0000000089400000|  0%| F|  |TAMS 0x0000000089300000, 0x0000000089300000| Untracked 
| 122|0x0000000089400000, 0x0000000089400000, 0x0000000089500000|  0%| F|  |TAMS 0x0000000089400000, 0x0000000089400000| Untracked 
| 123|0x0000000089500000, 0x0000000089500000, 0x0000000089600000|  0%| F|  |TAMS 0x0000000089500000, 0x0000000089500000| Untracked 
| 124|0x0000000089600000, 0x0000000089643158, 0x0000000089700000| 26%| E|  |TAMS 0x0000000089600000, 0x0000000089600000| Complete 
| 125|0x0000000089700000, 0x0000000089800000, 0x0000000089800000|100%| E|CS|TAMS 0x0000000089700000, 0x0000000089700000| Complete 
| 126|0x0000000089800000, 0x0000000089900000, 0x0000000089900000|100%| E|CS|TAMS 0x0000000089800000, 0x0000000089800000| Complete 
| 127|0x0000000089900000, 0x0000000089a00000, 0x0000000089a00000|100%| E|CS|TAMS 0x0000000089900000, 0x0000000089900000| Complete 

Card table byte_map: [0x0000027e6a730000,0x0000027e6ab30000] _byte_map_base: 0x0000027e6a323000

Marking Bits (Prev, Next): (CMBitMap*) 0x0000027e52bfc008, (CMBitMap*) 0x0000027e52bfc048
 Prev Bits: [0x0000027e6af30000, 0x0000027e6cec8000)
 Next Bits: [0x0000027e6ced0000, 0x0000027e6ee68000)

Polling page: 0x0000027e50b30000

Metaspace:

Usage:
  Non-class:    649.00 KB capacity,   604.47 KB ( 93%) used,    41.09 KB (  6%) free+waste,     3.44 KB ( <1%) overhead. 
      Class:    412.00 KB capacity,    56.43 KB ( 14%) used,   353.88 KB ( 86%) free+waste,     1.69 KB ( <1%) overhead. 
       Both:      1.04 MB capacity,   660.90 KB ( 62%) used,   394.98 KB ( 37%) free+waste,     5.13 KB ( <1%) overhead. 

Virtual space:
  Non-class space:       12.00 MB reserved,     768.00 KB (  6%) committed 
      Class space:        1.00 GB reserved,     512.00 KB ( <1%) committed 
             Both:        1.01 GB reserved,       1.25 MB ( <1%) committed 

Chunk freelists:
   Non-Class:  55.00 KB
       Class:  0 bytes
        Both:  55.00 KB

MaxMetaspaceSize: 17179869184.00 GB
CompressedClassSpaceSize: 1.00 GB

CodeHeap 'non-profiled nmethods': size=120000Kb used=57Kb max_used=57Kb free=119942Kb
 bounds [0x0000027e62e00000, 0x0000027e63070000, 0x0000027e6a330000]
CodeHeap 'profiled nmethods': size=120000Kb used=325Kb max_used=325Kb free=119674Kb
 bounds [0x0000027e5b8d0000, 0x0000027e5bb40000, 0x0000027e62e00000]
CodeHeap 'non-nmethods': size=5760Kb used=1102Kb max_used=1116Kb free=4657Kb
 bounds [0x0000027e5b330000, 0x0000027e5b5a0000, 0x0000027e5b8d0000]
 total_blobs=881 nmethods=221 adapters=251
 compilation: enabled
              stopped_count=0, restarted_count=0
 full_count=0

Compilation events (20 events):
Event: 0.203 Thread 0x0000027e720c0800 nmethod 202 0x0000027e5b91b790 code [0x0000027e5b91b940, 0x0000027e5b91ba88]
Event: 0.203 Thread 0x0000027e720c0800  211       3       java.util.ArrayList$SubList::checkForComodification (23 bytes)
Event: 0.204 Thread 0x0000027e720c0800 nmethod 211 0x0000027e5b91bb10 code [0x0000027e5b91bcc0, 0x0000027e5b91bea8]
Event: 0.204 Thread 0x0000027e720c0800  212       3       models.SinhVien::<init> (32 bytes)
Event: 0.204 Thread 0x0000027e720c0800 nmethod 212 0x0000027e5b91bf90 code [0x0000027e5b91c140, 0x0000027e5b91c498]
Event: 0.204 Thread 0x0000027e720c0800  213       3       java.util.ArrayList::subList (20 bytes)
Event: 0.204 Thread 0x0000027e720c0800 nmethod 213 0x0000027e5b91c590 code [0x0000027e5b91c760, 0x0000027e5b91cb48]
Event: 0.204 Thread 0x0000027e720c0800  206       3       java.lang.String::split (7 bytes)
Event: 0.204 Thread 0x0000027e720c0800 nmethod 206 0x0000027e5b91cc90 code [0x0000027e5b91ce40, 0x0000027e5b91cf88]
Event: 0.204 Thread 0x0000027e720c0800  214       3       java.util.AbstractList::subListRangeCheck (110 bytes)
Event: 0.206 Thread 0x0000027e720c0800 nmethod 214 0x0000027e5b91d010 code [0x0000027e5b91d420, 0x0000027e5b91ed08]
Event: 0.206 Thread 0x0000027e720c0800  216       3       java.util.ArrayList$SubList::toArray (79 bytes)
Event: 0.207 Thread 0x0000027e720c0800 nmethod 216 0x0000027e5b91f590 code [0x0000027e5b91f780, 0x0000027e5b91fe68]
Event: 0.207 Thread 0x0000027e720c0800  215       3       java.util.ArrayList$SubList::<init> (35 bytes)
Event: 0.207 Thread 0x0000027e720c0800 nmethod 215 0x0000027e5b920010 code [0x0000027e5b9201c0, 0x0000027e5b920498]
Event: 0.207 Thread 0x0000027e720c0800  208       3       java.lang.StringUTF16::newBytesFor (61 bytes)
Event: 0.208 Thread 0x0000027e720c0800 nmethod 208 0x0000027e5b920610 code [0x0000027e5b9208a0, 0x0000027e5b9213c8]
Event: 0.209 Thread 0x0000027e71394000 nmethod 217 0x0000027e62e0d310 code [0x0000027e62e0d4c0, 0x0000027e62e0d818]
Event: 0.209 Thread 0x0000027e71394000  218   !   4       java.io.BufferedReader::readLine (304 bytes)
Event: 0.211 Thread 0x0000027e720c0800  222 %     3       sun.nio.cs.UTF_8$Decoder::decodeArrayLoop @ 106 (691 bytes)

GC Heap History (0 events):
No events

Deoptimization events (4 events):
Event: 0.105 Thread 0x0000027e52bba000 Uncommon trap: trap_request=0xffffff45 fr.pc=0x0000027e62e0479c relative=0x00000000000001bc
Event: 0.105 Thread 0x0000027e52bba000 Uncommon trap: reason=unstable_if action=reinterpret pc=0x0000027e62e0479c method=java.lang.String.hashCode()I @ 42 c2
Event: 0.105 Thread 0x0000027e52bba000 DEOPT PACKING pc=0x0000027e62e0479c sp=0x000000e6cc3fde20
Event: 0.105 Thread 0x0000027e52bba000 DEOPT UNPACKING pc=0x0000027e5b37912f sp=0x000000e6cc3fddb8 mode 2

Classes unloaded (0 events):
No events

Classes redefined (0 events):
No events

Internal exceptions (1 events):
Event: 0.130 Thread 0x0000027e52bba000 Exception <a 'java/lang/NoSuchMethodError'{0x0000000089807048}: 'int java.lang.invoke.DirectMethodHandle$Holder.invokeSpecialIFC(java.lang.Object, java.lang.Object, int)'> (0x0000000089807048) 
thrown [./open/src/hotspot/share/interpreter/linkResolver.cpp, line 766]

Events (20 events):
Event: 0.134 loading class java/io/InputStreamReader done
Event: 0.134 loading class sun/nio/cs/StreamDecoder
Event: 0.135 loading class sun/nio/cs/StreamDecoder done
Event: 0.135 loading class java/util/Scanner$PatternLRUCache
Event: 0.135 loading class java/util/Scanner$PatternLRUCache done
Event: 0.139 loading class jdk/internal/module/ModulePatcher$PatchedModuleReader
Event: 0.139 loading class jdk/internal/module/ModulePatcher$PatchedModuleReader done
Event: 0.143 Loaded shared library C:\Program Files\Java\jdk-14.0.1\bin\jimage.dll
Event: 0.145 loading class sun/net/www/protocol/jrt/Handler
Event: 0.145 loading class sun/net/www/protocol/jrt/Handler done
Event: 0.165 loading class sun/text/resources/cldr/FormatData_en_US
Event: 0.165 loading class sun/text/resources/cldr/FormatData_en_US done
Event: 0.178 loading class java/io/FileNotFoundException
Event: 0.178 loading class java/io/IOException
Event: 0.178 loading class java/io/IOException done
Event: 0.178 loading class java/io/FileNotFoundException done
Event: 0.178 loading class java/io/FileReader
Event: 0.179 loading class java/io/FileReader done
Event: 0.180 loading class java/io/BufferedReader
Event: 0.180 loading class java/io/BufferedReader done


Dynamic libraries:
0x00007ff746cd0000 - 0x00007ff746cdf000 	C:\Program Files\Java\jdk-14.0.1\bin\javaw.exe
0x00007ffc8ad30000 - 0x00007ffc8af25000 	C:\Windows\SYSTEM32\ntdll.dll
0x00007ffc896b0000 - 0x00007ffc8976d000 	C:\Windows\System32\KERNEL32.DLL
0x00007ffc88990000 - 0x00007ffc88c59000 	C:\Windows\System32\KERNELBASE.dll
0x00007ffc88c90000 - 0x00007ffc88d90000 	C:\Windows\System32\ucrtbase.dll
0x00007ffc6e6e0000 - 0x00007ffc6e6f5000 	C:\Program Files\Java\jdk-14.0.1\bin\VCRUNTIME140.dll
0x00007ffc81420000 - 0x00007ffc81438000 	C:\Program Files\Java\jdk-14.0.1\bin\jli.dll
0x00007ffc8a3d0000 - 0x00007ffc8a47c000 	C:\Windows\System32\ADVAPI32.dll
0x00007ffc898f0000 - 0x00007ffc8998e000 	C:\Windows\System32\msvcrt.dll
0x00007ffc89770000 - 0x00007ffc8980c000 	C:\Windows\System32\sechost.dll
0x00007ffc899f0000 - 0x00007ffc89b1b000 	C:\Windows\System32\RPCRT4.dll
0x00007ffc8a190000 - 0x00007ffc8a330000 	C:\Windows\System32\USER32.dll
0x00007ffc88c60000 - 0x00007ffc88c82000 	C:\Windows\System32\win32u.dll
0x00007ffc8a3a0000 - 0x00007ffc8a3ca000 	C:\Windows\System32\GDI32.dll
0x00007ffc887e0000 - 0x00007ffc888eb000 	C:\Windows\System32\gdi32full.dll
0x00007ffc888f0000 - 0x00007ffc8898d000 	C:\Windows\System32\msvcp_win.dll
0x00007ffc7fbf0000 - 0x00007ffc7fe8a000 	C:\Windows\WinSxS\amd64_microsoft.windows.common-controls_6595b64144ccf1df_6.0.19041.844_none_ca00b6081b84eb1d\COMCTL32.dll
0x00007ffc88270000 - 0x00007ffc8827a000 	C:\Windows\SYSTEM32\VERSION.dll
0x00007ffc8a4f0000 - 0x00007ffc8a520000 	C:\Windows\System32\IMM32.DLL
0x00007ffc88280000 - 0x00007ffc882b1000 	C:\Windows\system32\nvinitx.dll
0x000000000f000000 - 0x000000000f006000 	C:\Program Files\NVIDIA Corporation\CoProcManager\_etoured.dll
0x00007ffc843a0000 - 0x00007ffc843d2000 	C:\Program Files\NVIDIA Corporation\CoProcManager\nvd3d9wrapx.dll
0x00007ffc8a520000 - 0x00007ffc8a989000 	C:\Windows\System32\SETUPAPI.dll
0x00007ffc88790000 - 0x00007ffc887de000 	C:\Windows\System32\cfgmgr32.dll
0x00007ffc886e0000 - 0x00007ffc88707000 	C:\Windows\System32\bcrypt.dll
0x00007ffc84310000 - 0x00007ffc84332000 	C:\Program Files\NVIDIA Corporation\CoProcManager\nvdxgiwrapx.dll
0x00007ffc63130000 - 0x00007ffc631cb000 	C:\Program Files\Java\jdk-14.0.1\bin\msvcp140.dll
0x00007ffc41d00000 - 0x00007ffc4281e000 	C:\Program Files\Java\jdk-14.0.1\bin\server\jvm.dll
0x00007ffc8aa00000 - 0x00007ffc8aa08000 	C:\Windows\System32\PSAPI.DLL
0x00007ffc81580000 - 0x00007ffc81589000 	C:\Windows\SYSTEM32\WSOCK32.dll
0x00007ffc8a480000 - 0x00007ffc8a4eb000 	C:\Windows\System32\WS2_32.dll
0x00007ffc80330000 - 0x00007ffc80357000 	C:\Windows\SYSTEM32\WINMM.dll
0x00007ffc86380000 - 0x00007ffc86392000 	C:\Windows\SYSTEM32\kernel.appcore.dll
0x00007ffc6f930000 - 0x00007ffc6f93a000 	C:\Program Files\Java\jdk-14.0.1\bin\jimage.dll
0x00007ffc7b7e0000 - 0x00007ffc7b9c4000 	C:\Windows\SYSTEM32\DBGHELP.DLL
0x00007ffc7b7b0000 - 0x00007ffc7b7dc000 	C:\Windows\SYSTEM32\dbgcore.DLL
0x0000027e50ab0000 - 0x0000027e50b30000 	C:\Windows\System32\bcryptPrimitives.dll
0x00007ffc65bf0000 - 0x00007ffc65c15000 	C:\Program Files\Java\jdk-14.0.1\bin\java.dll
0x00007ffc693b0000 - 0x00007ffc693c6000 	C:\Program Files\Java\jdk-14.0.1\bin\zip.dll
0x00007ffc88e40000 - 0x00007ffc89582000 	C:\Windows\System32\SHELL32.dll
0x00007ffc86580000 - 0x00007ffc86d10000 	C:\Windows\SYSTEM32\windows.storage.dll
0x00007ffc89b40000 - 0x00007ffc89e95000 	C:\Windows\System32\combase.dll
0x00007ffc87dc0000 - 0x00007ffc87dec000 	C:\Windows\SYSTEM32\Wldp.dll
0x00007ffc88d90000 - 0x00007ffc88e3e000 	C:\Windows\System32\SHCORE.dll
0x00007ffc8ac90000 - 0x00007ffc8ace5000 	C:\Windows\System32\shlwapi.dll
0x00007ffc883b0000 - 0x00007ffc883cf000 	C:\Windows\SYSTEM32\profapi.dll

dbghelp: loaded successfully - version: 4.0.5 - missing functions: none
symbol engine: initialized successfully - sym options: 0x614 - pdb path: .;C:\Program Files\Java\jdk-14.0.1\bin;C:\Windows\SYSTEM32;C:\Windows\WinSxS\amd64_microsoft.windows.common-controls_6595b64144ccf1df_6.0.19041.844_none_ca00b6081b84eb1d;C:\Program Files\NVIDIA Corporation\CoProcManager;C:\Program Files\Java\jdk-14.0.1\bin\server

VM Arguments:
jvm_args: -Dfile.encoding=UTF-8 -XX:+ShowCodeDetailsInExceptionMessages 
java_command: Main C:\Users\Pham Thanh\Desktop\Android\JavaCore\BaiTapCuoiKHhoa_JavaCore\QuanLySinhVien\data
java_class_path (initial): C:\Users\Pham Thanh\eclipse-workspace\PhamVanThanh_BTL_Java55\bin
Launcher Type: SUN_STANDARD

[Global flags]
     intx CICompilerCount                          = 3                                         {product} {ergonomic}
     uint ConcGCThreads                            = 1                                         {product} {ergonomic}
     uint G1ConcRefinementThreads                  = 4                                         {product} {ergonomic}
   size_t G1HeapRegionSize                         = 1048576                                   {product} {ergonomic}
    uintx GCDrainStackTargetSize                   = 64                                        {product} {ergonomic}
   size_t InitialHeapSize                          = 134217728                                 {product} {ergonomic}
   size_t MarkStackSize                            = 4194304                                   {product} {ergonomic}
   size_t MaxHeapSize                              = 2120220672                                {product} {ergonomic}
   size_t MaxNewSize                               = 1271922688                                {product} {ergonomic}
   size_t MinHeapDeltaBytes                        = 1048576                                   {product} {ergonomic}
   size_t MinHeapSize                              = 8388608                                   {product} {ergonomic}
    uintx NonNMethodCodeHeapSize                   = 5832780                                {pd product} {ergonomic}
    uintx NonProfiledCodeHeapSize                  = 122912730                              {pd product} {ergonomic}
    uintx ProfiledCodeHeapSize                     = 122912730                              {pd product} {ergonomic}
    uintx ReservedCodeCacheSize                    = 251658240                              {pd product} {ergonomic}
     bool SegmentedCodeCache                       = true                                      {product} {ergonomic}
     bool ShowCodeDetailsInExceptionMessages       = true                                   {manageable} {command line}
   size_t SoftMaxHeapSize                          = 2120220672                             {manageable} {ergonomic}
     bool UseCompressedClassPointers               = true                                 {lp64_product} {ergonomic}
     bool UseCompressedOops                        = true                                 {lp64_product} {ergonomic}
     bool UseG1GC                                  = true                                      {product} {ergonomic}
     bool UseLargePagesIndividualAllocation        = false                                  {pd product} {ergonomic}

Logging:
Log output configuration:
 #0: stdout all=warning uptime,level,tags
 #1: stderr all=off uptime,level,tags

Environment Variables:
JAVA_HOME=C:\Program Files\Java\jdk-14.0.1
PATH=C:/Program Files/Java/jdk-14.0.1/bin/server;C:/Program Files/Java/jdk-14.0.1/bin;C:\Python38\Scripts\;C:\Python38\;C:\Program Files (x86)\Common Files\Oracle\Java\javapath;C:\Windows;C:\Windows\system32;C:\Windows;C:\Windows\System32\Wbem;C:\Windows\System32\WindowsPowerShell\v1.0\;C:\Windows\System32\OpenSSH\;C:\Users\Pham Thanh\AppData\Local\Android\Sdk;C:\MinGW\bin;C:\Programs\mingw-w64-7\i686-w64-mingw32\bin;C:\Users\Pham Thanh\AppData\Local\Programs\Microsoft VS Code\bin;C:\Program Files\Java\jdk1.8.0_251\bin;C:\Program Files\Java\jdk-14.0.1;C:\Program Files\Git\cmd;C:\ProgramData\pbox;C:\ProgramData\chocolatey\bin;C:\Program Files (x86)\Yarn\bin\;C:\Users\PhamThanh\AppData\Local\Android\Sdk\tools\bin;C:\Users\Pham Thanh\AppData\Local\Android\Sdk\platform-tools;C:\Program Files\NVIDIA Corporation\NVIDIA NvDLISR;C:\Users\Pham Thanh\AppData\Roaming\npm;C:\src\flutter\flutter\bin;C:\Program Files\Microsoft Network Monitor 3\;C:\Users\Pham Thanh\AppData\Local\Microsoft\WindowsApps;C:\Users\Pham Thanh\AppData\Local\atom\bin;C:\Users\Pham Thanh\AppData\Local\Yarn\bin;C:\Users\Pham Thanh\AppData\Local\Programs\Microsoft VS Code\bin;C:\Users\Pham Thanh\AppData\Local\Programs\MiKTeX\miktex\bin\x64\;E:\Nmap;C:\Windows\System32;
USERNAME=Pham Thanh
OS=Windows_NT
PROCESSOR_IDENTIFIER=Intel64 Family 6 Model 58 Stepping 9, GenuineIntel



---------------  S Y S T E M  ---------------

OS: Windows 10 , 64 bit Build 19041 (10.0.19041.804)
OS uptime: 13 days 20:36 hours

CPU:total 4 (initial active 4) (2 cores per cpu, 2 threads per core) family 6 model 58 stepping 9, cmov, cx8, fxsr, mmx, sse, sse2, sse3, ssse3, sse4.1, sse4.2, popcnt, avx, aes, clmul, erms, ht, tsc, tscinvbit, tscinv

Memory: 4k page, system-wide physical 8084M (2289M free)
TotalPageFile size 13958M (AvailPageFile size 4M)
current process WorkingSet (physical memory assigned to process): 35M, peak: 35M
current process commit charge ("private bytes"): 203M, peak: 203M

vm_info: Java HotSpot(TM) 64-Bit Server VM (14.0.1+7) for windows-amd64 JRE (14.0.1+7), built on Mar  5 2020 10:30:14 by "mach5one" with MS VC++ 15.9 (VS2017)

END.
