#
# There is insufficient memory for the Java Runtime Environment to continue.
# Native memory allocation (malloc) failed to allocate 1048576 bytes for AllocateHeap
# Possible reasons:
#   The system is out of physical RAM or swap space
#   The process is running with CompressedOops enabled, and the Java Heap may be blocking the growth of the native heap
# Possible solutions:
#   Reduce memory load on the system
#   Increase physical memory or swap space
#   Check if swap backing store is full
#   Decrease Java heap size (-Xmx/-Xms)
#   Decrease number of Java threads
#   Decrease Java thread stack sizes (-Xss)
#   Set larger code cache with -XX:ReservedCodeCacheSize=
#   JVM is running with Unscaled Compressed Oops mode in which the Java heap is
#     placed in the first 4GB address space. The Java Heap base address is the
#     maximum limit for the native heap growth. Please use -XX:HeapBaseMinAddress
#     to set the Java Heap base and to place the Java Heap above 4GB virtual address.
# This output file may be truncated or incomplete.
#
#  Out of Memory Error (./open/src/hotspot/share/memory/allocation.cpp:44), pid=2016, tid=3596
#
# JRE version: Java(TM) SE Runtime Environment (14.0.1+7) (build 14.0.1+7)
# Java VM: Java HotSpot(TM) 64-Bit Server VM (14.0.1+7, mixed mode, sharing, tiered, compressed oops, g1 gc, windows-amd64)
# No core dump will be written. Minidumps are not enabled by default on client versions of Windows
#

---------------  S U M M A R Y ------------

Command Line: -Dfile.encoding=UTF-8 -XX:+ShowCodeDetailsInExceptionMessages Main C:\Users\Pham Thanh\Desktop\Android\JavaCore\BaiTapCuoiKHhoa_JavaCore\QuanLySinhVien\data

Host: Intel(R) Core(TM) i5-3230M CPU @ 2.60GHz, 4 cores, 7G,  Windows 10 , 64 bit Build 19041 (10.0.19041.804)
Time: Mon May  3 21:09:51 2021 SE Asia Standard Time elapsed time: 0 seconds (0d 0h 0m 0s)

---------------  T H R E A D  ---------------

Current thread (0x0000021afaecf000):  VMThread "VM Thread" [stack: 0x000000edf4c00000,0x000000edf4d00000] [id=3596]

Stack: [0x000000edf4c00000,0x000000edf4d00000]
[error occurred during error reporting (printing stack bounds), id 0xc0000005, EXCEPTION_ACCESS_VIOLATION (0xc0000005) at pc=0x0000021a800010ad]

Native frames: (J=compiled Java code, j=interpreted, Vv=VM code, C=native code)
V  [jvm.dll+0x5f840a]
V  [jvm.dll+0x741e4a]
V  [jvm.dll+0x7435ff]
V  [jvm.dll+0x743ba5]
V  [jvm.dll+0x743b5b]
V  [jvm.dll+0x5f793f]
V  [jvm.dll+0x5f80a8]
C  [ntdll.dll+0xa1f6f]
C  [ntdll.dll+0x51454]
C  [ntdll.dll+0xa0a9e]
C  0x0000021a800010ad

VM_Operation (0x000000edf46fdac0): CollectForMetadataAllocation, mode: safepoint, requested by thread 0x0000021aeb71e000


---------------  P R O C E S S  ---------------

Threads class SMR info:
_java_thread_list=0x0000021afbd18d90, length=11, elements={
0x0000021aeb71e000, 0x0000021afaed3000, 0x0000021afaedc000, 0x0000021afaeed000,
0x0000021afaeef800, 0x0000021afaef0800, 0x0000021afaef9000, 0x0000021afbc08800,
0x0000021afbc19000, 0x0000021afbd32000, 0x0000021afbd52000
}

Java Threads: ( => current thread )
  0x0000021aeb71e000 JavaThread "main" [_thread_blocked, id=12488, stack(0x000000edf4600000,0x000000edf4700000)]
  0x0000021afaed3000 JavaThread "Reference Handler" daemon [_thread_blocked, id=9372, stack(0x000000edf4d00000,0x000000edf4e00000)]
  0x0000021afaedc000 JavaThread "Finalizer" daemon [_thread_blocked, id=6660, stack(0x000000edf4e00000,0x000000edf4f00000)]
  0x0000021afaeed000 JavaThread "Signal Dispatcher" daemon [_thread_blocked, id=6680, stack(0x000000edf4f00000,0x000000edf5000000)]
  0x0000021afaeef800 JavaThread "Attach Listener" daemon [_thread_blocked, id=7360, stack(0x000000edf5000000,0x000000edf5100000)]
  0x0000021afaef0800 JavaThread "Service Thread" daemon [_thread_blocked, id=8672, stack(0x000000edf5100000,0x000000edf5200000)]
  0x0000021afaef9000 JavaThread "C2 CompilerThread0" daemon [_thread_blocked, id=6300, stack(0x000000edf5200000,0x000000edf5300000)]
  0x0000021afbc08800 JavaThread "C1 CompilerThread0" daemon [_thread_blocked, id=13476, stack(0x000000edf5300000,0x000000edf5400000)]
  0x0000021afbc19000 JavaThread "Sweeper thread" daemon [_thread_blocked, id=12592, stack(0x000000edf5400000,0x000000edf5500000)]
  0x0000021afbd32000 JavaThread "Notification Thread" daemon [_thread_blocked, id=4740, stack(0x000000edf5500000,0x000000edf5600000)]
  0x0000021afbd52000 JavaThread "Common-Cleaner" daemon [_thread_blocked, id=9448, stack(0x000000edf5700000,0x000000edf5800000)]

Other Threads:
=>0x0000021afaecf000 VMThread "VM Thread" [stack: 0x000000edf4c00000,0x000000edf4d00000] [id=3596]
  0x0000021afbd49000 WatcherThread [stack: 0x000000edf5600000,0x000000edf5700000] [id=16600]
  0x0000021aeb75a800 GCTaskThread "GC Thread#0" [stack: 0x000000edf4700000,0x000000edf4800000] [id=2576]
  0x0000021afbd53000 GCTaskThread "GC Thread#1" [stack: 0x000000edf5800000,0x000000edf5900000] [id=1932]
  0x0000021afbd5f800 GCTaskThread "GC Thread#2" [stack: 0x000000edf5900000,0x000000edf5a00000] [id=8056]
  0x0000021aeb76d000 ConcurrentGCThread "G1 Main Marker" [stack: 0x000000edf4800000,0x000000edf4900000] [id=11972]
  0x0000021aeb76f800 ConcurrentGCThread "G1 Conc#0" [stack: 0x000000edf4900000,0x000000edf4a00000] [id=13664]
  0x0000021afad44800 ConcurrentGCThread "G1 Refine#0" [stack: 0x000000edf4a00000,0x000000edf4b00000] [id=5272]
  0x0000021afad4b000 ConcurrentGCThread "G1 Young RemSet Sampling" [stack: 0x000000edf4b00000,0x000000edf4c00000] [id=14612]

Threads with active compile tasks:

VM state:at safepoint (normal execution)

VM Mutex/Monitor currently owned by a thread:  ([mutex/lock_event])
[0x0000021aeb71ad80] Threads_lock - owner thread: 0x0000021afaecf000
[0x0000021aeb71b950] Heap_lock - owner thread: 0x0000021aeb71e000

Heap address: 0x0000000081a00000, size: 2022 MB, Compressed Oops mode: 32-bit
Narrow klass base: 0x0000000800000000, Narrow klass shift: 3
Compressed class space size: 1073741824 Address: 0x0000000800b30000

Heap:
 garbage-first heap   total 131072K, used 541K [0x0000000081a00000, 0x0000000100000000)
  region size 1024K, 1 young (1024K), 1 survivors (1024K)
 Metaspace       used 218K, capacity 602K, committed 768K, reserved 1069056K
  class space    used 9K, capacity 386K, committed 512K, reserved 1048576K
Heap Regions: E=young(eden), S=young(survivor), O=old, HS=humongous(starts), HC=humongous(continues), CS=collection set, F=free, OA=open archive, CA=closed archive, TAMS=top-at-mark-start (previous, next)
|   0|0x0000000081a00000, 0x0000000081a00000, 0x0000000081b00000|  0%| F|  |TAMS 0x0000000081a00000, 0x0000000081a00000| Untracked 
|   1|0x0000000081b00000, 0x0000000081b00000, 0x0000000081c00000|  0%| F|  |TAMS 0x0000000081b00000, 0x0000000081b00000| Untracked 
|   2|0x0000000081c00000, 0x0000000081c00000, 0x0000000081d00000|  0%| F|  |TAMS 0x0000000081c00000, 0x0000000081c00000| Untracked 
|   3|0x0000000081d00000, 0x0000000081d00000, 0x0000000081e00000|  0%| F|  |TAMS 0x0000000081d00000, 0x0000000081d00000| Untracked 
|   4|0x0000000081e00000, 0x0000000081e00000, 0x0000000081f00000|  0%| F|  |TAMS 0x0000000081e00000, 0x0000000081e00000| Untracked 
|   5|0x0000000081f00000, 0x0000000081f00000, 0x0000000082000000|  0%| F|  |TAMS 0x0000000081f00000, 0x0000000081f00000| Untracked 
|   6|0x0000000082000000, 0x0000000082000000, 0x0000000082100000|  0%| F|  |TAMS 0x0000000082000000, 0x0000000082000000| Untracked 
|   7|0x0000000082100000, 0x0000000082100000, 0x0000000082200000|  0%| F|  |TAMS 0x0000000082100000, 0x0000000082100000| Untracked 
|   8|0x0000000082200000, 0x0000000082200000, 0x0000000082300000|  0%| F|  |TAMS 0x0000000082200000, 0x0000000082200000| Untracked 
|   9|0x0000000082300000, 0x0000000082300000, 0x0000000082400000|  0%| F|  |TAMS 0x0000000082300000, 0x0000000082300000| Untracked 
|  10|0x0000000082400000, 0x0000000082400000, 0x0000000082500000|  0%| F|  |TAMS 0x0000000082400000, 0x0000000082400000| Untracked 
|  11|0x0000000082500000, 0x0000000082500000, 0x0000000082600000|  0%| F|  |TAMS 0x0000000082500000, 0x0000000082500000| Untracked 
|  12|0x0000000082600000, 0x0000000082600000, 0x0000000082700000|  0%| F|  |TAMS 0x0000000082600000, 0x0000000082600000| Untracked 
|  13|0x0000000082700000, 0x0000000082700000, 0x0000000082800000|  0%| F|  |TAMS 0x0000000082700000, 0x0000000082700000| Untracked 
|  14|0x0000000082800000, 0x0000000082800000, 0x0000000082900000|  0%| F|  |TAMS 0x0000000082800000, 0x0000000082800000| Untracked 
|  15|0x0000000082900000, 0x0000000082900000, 0x0000000082a00000|  0%| F|  |TAMS 0x0000000082900000, 0x0000000082900000| Untracked 
|  16|0x0000000082a00000, 0x0000000082a00000, 0x0000000082b00000|  0%| F|  |TAMS 0x0000000082a00000, 0x0000000082a00000| Untracked 
|  17|0x0000000082b00000, 0x0000000082b00000, 0x0000000082c00000|  0%| F|  |TAMS 0x0000000082b00000, 0x0000000082b00000| Untracked 
|  18|0x0000000082c00000, 0x0000000082c00000, 0x0000000082d00000|  0%| F|  |TAMS 0x0000000082c00000, 0x0000000082c00000| Untracked 
|  19|0x0000000082d00000, 0x0000000082d00000, 0x0000000082e00000|  0%| F|  |TAMS 0x0000000082d00000, 0x0000000082d00000| Untracked 
|  20|0x0000000082e00000, 0x0000000082e00000, 0x0000000082f00000|  0%| F|  |TAMS 0x0000000082e00000, 0x0000000082e00000| Untracked 
|  21|0x0000000082f00000, 0x0000000082f00000, 0x0000000083000000|  0%| F|  |TAMS 0x0000000082f00000, 0x0000000082f00000| Untracked 
|  22|0x0000000083000000, 0x0000000083000000, 0x0000000083100000|  0%| F|  |TAMS 0x0000000083000000, 0x0000000083000000| Untracked 
|  23|0x0000000083100000, 0x0000000083100000, 0x0000000083200000|  0%| F|  |TAMS 0x0000000083100000, 0x0000000083100000| Untracked 
|  24|0x0000000083200000, 0x0000000083200000, 0x0000000083300000|  0%| F|  |TAMS 0x0000000083200000, 0x0000000083200000| Untracked 
|  25|0x0000000083300000, 0x0000000083300000, 0x0000000083400000|  0%| F|  |TAMS 0x0000000083300000, 0x0000000083300000| Untracked 
|  26|0x0000000083400000, 0x0000000083400000, 0x0000000083500000|  0%| F|  |TAMS 0x0000000083400000, 0x0000000083400000| Untracked 
|  27|0x0000000083500000, 0x0000000083500000, 0x0000000083600000|  0%| F|  |TAMS 0x0000000083500000, 0x0000000083500000| Untracked 
|  28|0x0000000083600000, 0x0000000083600000, 0x0000000083700000|  0%| F|  |TAMS 0x0000000083600000, 0x0000000083600000| Untracked 
|  29|0x0000000083700000, 0x0000000083700000, 0x0000000083800000|  0%| F|  |TAMS 0x0000000083700000, 0x0000000083700000| Untracked 
|  30|0x0000000083800000, 0x0000000083800000, 0x0000000083900000|  0%| F|  |TAMS 0x0000000083800000, 0x0000000083800000| Untracked 
|  31|0x0000000083900000, 0x0000000083900000, 0x0000000083a00000|  0%| F|  |TAMS 0x0000000083900000, 0x0000000083900000| Untracked 
|  32|0x0000000083a00000, 0x0000000083a00000, 0x0000000083b00000|  0%| F|  |TAMS 0x0000000083a00000, 0x0000000083a00000| Untracked 
|  33|0x0000000083b00000, 0x0000000083b00000, 0x0000000083c00000|  0%| F|  |TAMS 0x0000000083b00000, 0x0000000083b00000| Untracked 
|  34|0x0000000083c00000, 0x0000000083c00000, 0x0000000083d00000|  0%| F|  |TAMS 0x0000000083c00000, 0x0000000083c00000| Untracked 
|  35|0x0000000083d00000, 0x0000000083d00000, 0x0000000083e00000|  0%| F|  |TAMS 0x0000000083d00000, 0x0000000083d00000| Untracked 
|  36|0x0000000083e00000, 0x0000000083e00000, 0x0000000083f00000|  0%| F|  |TAMS 0x0000000083e00000, 0x0000000083e00000| Untracked 
|  37|0x0000000083f00000, 0x0000000083f00000, 0x0000000084000000|  0%| F|  |TAMS 0x0000000083f00000, 0x0000000083f00000| Untracked 
|  38|0x0000000084000000, 0x0000000084000000, 0x0000000084100000|  0%| F|  |TAMS 0x0000000084000000, 0x0000000084000000| Untracked 
|  39|0x0000000084100000, 0x0000000084100000, 0x0000000084200000|  0%| F|  |TAMS 0x0000000084100000, 0x0000000084100000| Untracked 
|  40|0x0000000084200000, 0x0000000084200000, 0x0000000084300000|  0%| F|  |TAMS 0x0000000084200000, 0x0000000084200000| Untracked 
|  41|0x0000000084300000, 0x0000000084300000, 0x0000000084400000|  0%| F|  |TAMS 0x0000000084300000, 0x0000000084300000| Untracked 
|  42|0x0000000084400000, 0x0000000084400000, 0x0000000084500000|  0%| F|  |TAMS 0x0000000084400000, 0x0000000084400000| Untracked 
|  43|0x0000000084500000, 0x0000000084500000, 0x0000000084600000|  0%| F|  |TAMS 0x0000000084500000, 0x0000000084500000| Untracked 
|  44|0x0000000084600000, 0x0000000084600000, 0x0000000084700000|  0%| F|  |TAMS 0x0000000084600000, 0x0000000084600000| Untracked 
|  45|0x0000000084700000, 0x0000000084700000, 0x0000000084800000|  0%| F|  |TAMS 0x0000000084700000, 0x0000000084700000| Untracked 
|  46|0x0000000084800000, 0x0000000084800000, 0x0000000084900000|  0%| F|  |TAMS 0x0000000084800000, 0x0000000084800000| Untracked 
|  47|0x0000000084900000, 0x0000000084900000, 0x0000000084a00000|  0%| F|  |TAMS 0x0000000084900000, 0x0000000084900000| Untracked 
|  48|0x0000000084a00000, 0x0000000084a00000, 0x0000000084b00000|  0%| F|  |TAMS 0x0000000084a00000, 0x0000000084a00000| Untracked 
|  49|0x0000000084b00000, 0x0000000084b00000, 0x0000000084c00000|  0%| F|  |TAMS 0x0000000084b00000, 0x0000000084b00000| Untracked 
|  50|0x0000000084c00000, 0x0000000084c00000, 0x0000000084d00000|  0%| F|  |TAMS 0x0000000084c00000, 0x0000000084c00000| Untracked 
|  51|0x0000000084d00000, 0x0000000084d00000, 0x0000000084e00000|  0%| F|  |TAMS 0x0000000084d00000, 0x0000000084d00000| Untracked 
|  52|0x0000000084e00000, 0x0000000084e00000, 0x0000000084f00000|  0%| F|  |TAMS 0x0000000084e00000, 0x0000000084e00000| Untracked 
|  53|0x0000000084f00000, 0x0000000084f00000, 0x0000000085000000|  0%| F|  |TAMS 0x0000000084f00000, 0x0000000084f00000| Untracked 
|  54|0x0000000085000000, 0x0000000085000000, 0x0000000085100000|  0%| F|  |TAMS 0x0000000085000000, 0x0000000085000000| Untracked 
|  55|0x0000000085100000, 0x0000000085100000, 0x0000000085200000|  0%| F|  |TAMS 0x0000000085100000, 0x0000000085100000| Untracked 
|  56|0x0000000085200000, 0x0000000085200000, 0x0000000085300000|  0%| F|  |TAMS 0x0000000085200000, 0x0000000085200000| Untracked 
|  57|0x0000000085300000, 0x0000000085300000, 0x0000000085400000|  0%| F|  |TAMS 0x0000000085300000, 0x0000000085300000| Untracked 
|  58|0x0000000085400000, 0x0000000085400000, 0x0000000085500000|  0%| F|  |TAMS 0x0000000085400000, 0x0000000085400000| Untracked 
|  59|0x0000000085500000, 0x0000000085500000, 0x0000000085600000|  0%| F|  |TAMS 0x0000000085500000, 0x0000000085500000| Untracked 
|  60|0x0000000085600000, 0x0000000085600000, 0x0000000085700000|  0%| F|  |TAMS 0x0000000085600000, 0x0000000085600000| Untracked 
|  61|0x0000000085700000, 0x0000000085700000, 0x0000000085800000|  0%| F|  |TAMS 0x0000000085700000, 0x0000000085700000| Untracked 
|  62|0x0000000085800000, 0x0000000085800000, 0x0000000085900000|  0%| F|  |TAMS 0x0000000085800000, 0x0000000085800000| Untracked 
|  63|0x0000000085900000, 0x0000000085900000, 0x0000000085a00000|  0%| F|  |TAMS 0x0000000085900000, 0x0000000085900000| Untracked 
|  64|0x0000000085a00000, 0x0000000085a00000, 0x0000000085b00000|  0%| F|  |TAMS 0x0000000085a00000, 0x0000000085a00000| Untracked 
|  65|0x0000000085b00000, 0x0000000085b00000, 0x0000000085c00000|  0%| F|  |TAMS 0x0000000085b00000, 0x0000000085b00000| Untracked 
|  66|0x0000000085c00000, 0x0000000085c00000, 0x0000000085d00000|  0%| F|  |TAMS 0x0000000085c00000, 0x0000000085c00000| Untracked 
|  67|0x0000000085d00000, 0x0000000085d00000, 0x0000000085e00000|  0%| F|  |TAMS 0x0000000085d00000, 0x0000000085d00000| Untracked 
|  68|0x0000000085e00000, 0x0000000085e00000, 0x0000000085f00000|  0%| F|  |TAMS 0x0000000085e00000, 0x0000000085e00000| Untracked 
|  69|0x0000000085f00000, 0x0000000085f00000, 0x0000000086000000|  0%| F|  |TAMS 0x0000000085f00000, 0x0000000085f00000| Untracked 
|  70|0x0000000086000000, 0x0000000086000000, 0x0000000086100000|  0%| F|  |TAMS 0x0000000086000000, 0x0000000086000000| Untracked 
|  71|0x0000000086100000, 0x0000000086100000, 0x0000000086200000|  0%| F|  |TAMS 0x0000000086100000, 0x0000000086100000| Untracked 
|  72|0x0000000086200000, 0x0000000086200000, 0x0000000086300000|  0%| F|  |TAMS 0x0000000086200000, 0x0000000086200000| Untracked 
|  73|0x0000000086300000, 0x0000000086300000, 0x0000000086400000|  0%| F|  |TAMS 0x0000000086300000, 0x0000000086300000| Untracked 
|  74|0x0000000086400000, 0x0000000086400000, 0x0000000086500000|  0%| F|  |TAMS 0x0000000086400000, 0x0000000086400000| Untracked 
|  75|0x0000000086500000, 0x0000000086500000, 0x0000000086600000|  0%| F|  |TAMS 0x0000000086500000, 0x0000000086500000| Untracked 
|  76|0x0000000086600000, 0x0000000086600000, 0x0000000086700000|  0%| F|  |TAMS 0x0000000086600000, 0x0000000086600000| Untracked 
|  77|0x0000000086700000, 0x0000000086700000, 0x0000000086800000|  0%| F|  |TAMS 0x0000000086700000, 0x0000000086700000| Untracked 
|  78|0x0000000086800000, 0x0000000086800000, 0x0000000086900000|  0%| F|  |TAMS 0x0000000086800000, 0x0000000086800000| Untracked 
|  79|0x0000000086900000, 0x0000000086900000, 0x0000000086a00000|  0%| F|  |TAMS 0x0000000086900000, 0x0000000086900000| Untracked 
|  80|0x0000000086a00000, 0x0000000086a00000, 0x0000000086b00000|  0%| F|  |TAMS 0x0000000086a00000, 0x0000000086a00000| Untracked 
|  81|0x0000000086b00000, 0x0000000086b00000, 0x0000000086c00000|  0%| F|  |TAMS 0x0000000086b00000, 0x0000000086b00000| Untracked 
|  82|0x0000000086c00000, 0x0000000086c00000, 0x0000000086d00000|  0%| F|  |TAMS 0x0000000086c00000, 0x0000000086c00000| Untracked 
|  83|0x0000000086d00000, 0x0000000086d00000, 0x0000000086e00000|  0%| F|  |TAMS 0x0000000086d00000, 0x0000000086d00000| Untracked 
|  84|0x0000000086e00000, 0x0000000086e00000, 0x0000000086f00000|  0%| F|  |TAMS 0x0000000086e00000, 0x0000000086e00000| Untracked 
|  85|0x0000000086f00000, 0x0000000086f00000, 0x0000000087000000|  0%| F|  |TAMS 0x0000000086f00000, 0x0000000086f00000| Untracked 
|  86|0x0000000087000000, 0x0000000087000000, 0x0000000087100000|  0%| F|  |TAMS 0x0000000087000000, 0x0000000087000000| Untracked 
|  87|0x0000000087100000, 0x0000000087100000, 0x0000000087200000|  0%| F|  |TAMS 0x0000000087100000, 0x0000000087100000| Untracked 
|  88|0x0000000087200000, 0x0000000087200000, 0x0000000087300000|  0%| F|  |TAMS 0x0000000087200000, 0x0000000087200000| Untracked 
|  89|0x0000000087300000, 0x0000000087300000, 0x0000000087400000|  0%| F|  |TAMS 0x0000000087300000, 0x0000000087300000| Untracked 
|  90|0x0000000087400000, 0x0000000087400000, 0x0000000087500000|  0%| F|  |TAMS 0x0000000087400000, 0x0000000087400000| Untracked 
|  91|0x0000000087500000, 0x0000000087500000, 0x0000000087600000|  0%| F|  |TAMS 0x0000000087500000, 0x0000000087500000| Untracked 
|  92|0x0000000087600000, 0x0000000087600000, 0x0000000087700000|  0%| F|  |TAMS 0x0000000087600000, 0x0000000087600000| Untracked 
|  93|0x0000000087700000, 0x0000000087700000, 0x0000000087800000|  0%| F|  |TAMS 0x0000000087700000, 0x0000000087700000| Untracked 
|  94|0x0000000087800000, 0x0000000087800000, 0x0000000087900000|  0%| F|  |TAMS 0x0000000087800000, 0x0000000087800000| Untracked 
|  95|0x0000000087900000, 0x0000000087900000, 0x0000000087a00000|  0%| F|  |TAMS 0x0000000087900000, 0x0000000087900000| Untracked 
|  96|0x0000000087a00000, 0x0000000087a00000, 0x0000000087b00000|  0%| F|  |TAMS 0x0000000087a00000, 0x0000000087a00000| Untracked 
|  97|0x0000000087b00000, 0x0000000087b00000, 0x0000000087c00000|  0%| F|  |TAMS 0x0000000087b00000, 0x0000000087b00000| Untracked 
|  98|0x0000000087c00000, 0x0000000087c00000, 0x0000000087d00000|  0%| F|  |TAMS 0x0000000087c00000, 0x0000000087c00000| Untracked 
|  99|0x0000000087d00000, 0x0000000087d00000, 0x0000000087e00000|  0%| F|  |TAMS 0x0000000087d00000, 0x0000000087d00000| Untracked 
| 100|0x0000000087e00000, 0x0000000087e00000, 0x0000000087f00000|  0%| F|  |TAMS 0x0000000087e00000, 0x0000000087e00000| Untracked 
| 101|0x0000000087f00000, 0x0000000087f00000, 0x0000000088000000|  0%| F|  |TAMS 0x0000000087f00000, 0x0000000087f00000| Untracked 
| 102|0x0000000088000000, 0x0000000088000000, 0x0000000088100000|  0%| F|  |TAMS 0x0000000088000000, 0x0000000088000000| Untracked 
| 103|0x0000000088100000, 0x0000000088100000, 0x0000000088200000|  0%| F|  |TAMS 0x0000000088100000, 0x0000000088100000| Untracked 
| 104|0x0000000088200000, 0x0000000088200000, 0x0000000088300000|  0%| F|  |TAMS 0x0000000088200000, 0x0000000088200000| Untracked 
| 105|0x0000000088300000, 0x0000000088300000, 0x0000000088400000|  0%| F|  |TAMS 0x0000000088300000, 0x0000000088300000| Untracked 
| 106|0x0000000088400000, 0x0000000088400000, 0x0000000088500000|  0%| F|  |TAMS 0x0000000088400000, 0x0000000088400000| Untracked 
| 107|0x0000000088500000, 0x0000000088500000, 0x0000000088600000|  0%| F|  |TAMS 0x0000000088500000, 0x0000000088500000| Untracked 
| 108|0x0000000088600000, 0x0000000088600000, 0x0000000088700000|  0%| F|  |TAMS 0x0000000088600000, 0x0000000088600000| Untracked 
| 109|0x0000000088700000, 0x0000000088700000, 0x0000000088800000|  0%| F|  |TAMS 0x0000000088700000, 0x0000000088700000| Untracked 
| 110|0x0000000088800000, 0x0000000088800000, 0x0000000088900000|  0%| F|  |TAMS 0x0000000088800000, 0x0000000088800000| Untracked 
| 111|0x0000000088900000, 0x0000000088900000, 0x0000000088a00000|  0%| F|  |TAMS 0x0000000088900000, 0x0000000088900000| Untracked 
| 112|0x0000000088a00000, 0x0000000088a00000, 0x0000000088b00000|  0%| F|  |TAMS 0x0000000088a00000, 0x0000000088a00000| Untracked 
| 113|0x0000000088b00000, 0x0000000088b00000, 0x0000000088c00000|  0%| F|  |TAMS 0x0000000088b00000, 0x0000000088b00000| Untracked 
| 114|0x0000000088c00000, 0x0000000088c00000, 0x0000000088d00000|  0%| F|  |TAMS 0x0000000088c00000, 0x0000000088c00000| Untracked 
| 115|0x0000000088d00000, 0x0000000088d00000, 0x0000000088e00000|  0%| F|  |TAMS 0x0000000088d00000, 0x0000000088d00000| Untracked 
| 116|0x0000000088e00000, 0x0000000088e00000, 0x0000000088f00000|  0%| F|  |TAMS 0x0000000088e00000, 0x0000000088e00000| Untracked 
| 117|0x0000000088f00000, 0x0000000088f00000, 0x0000000089000000|  0%| F|  |TAMS 0x0000000088f00000, 0x0000000088f00000| Untracked 
| 118|0x0000000089000000, 0x0000000089000000, 0x0000000089100000|  0%| F|  |TAMS 0x0000000089000000, 0x0000000089000000| Untracked 
| 119|0x0000000089100000, 0x0000000089100000, 0x0000000089200000|  0%| F|  |TAMS 0x0000000089100000, 0x0000000089100000| Untracked 
| 120|0x0000000089200000, 0x0000000089200000, 0x0000000089300000|  0%| F|  |TAMS 0x0000000089200000, 0x0000000089200000| Untracked 
| 121|0x0000000089300000, 0x0000000089300000, 0x0000000089400000|  0%| F|  |TAMS 0x0000000089300000, 0x0000000089300000| Untracked 
| 122|0x0000000089400000, 0x0000000089400000, 0x0000000089500000|  0%| F|  |TAMS 0x0000000089400000, 0x0000000089400000| Untracked 
| 123|0x0000000089500000, 0x0000000089500000, 0x0000000089600000|  0%| F|  |TAMS 0x0000000089500000, 0x0000000089500000| Untracked 
| 124|0x0000000089600000, 0x0000000089600000, 0x0000000089700000|  0%| F|  |TAMS 0x0000000089600000, 0x0000000089600000| Untracked 
| 125|0x0000000089700000, 0x0000000089700000, 0x0000000089800000|  0%| F|  |TAMS 0x0000000089700000, 0x0000000089700000| Untracked 
| 126|0x0000000089800000, 0x0000000089887570, 0x0000000089900000| 52%| S|CS|TAMS 0x0000000089800000, 0x0000000089800000| Complete 
| 127|0x0000000089900000, 0x0000000089900000, 0x0000000089a00000|  0%| F|  |TAMS 0x0000000089900000, 0x0000000089900000| Untracked 

Card table byte_map: [0x0000021af4290000,0x0000021af4690000] _byte_map_base: 0x0000021af3e83000

Marking Bits (Prev, Next): (CMBitMap*) 0x0000021aeb75c068, (CMBitMap*) 0x0000021aeb75c0a8
 Prev Bits: [0x0000021af4a90000, 0x0000021af6a28000)
 Next Bits: [0x0000021af6a30000, 0x0000021af89c8000)

Polling page: 0x0000021ae9620000

Metaspace:

Usage:
  Non-class:    216.00 KB capacity,   209.61 KB ( 97%) used,     5.83 KB (  3%) free+waste,   576 bytes ( <1%) overhead. 
      Class:    386.00 KB capacity,     9.29 KB (  2%) used,   376.59 KB ( 98%) free+waste,   128 bytes ( <1%) overhead. 
       Both:    602.00 KB capacity,   218.90 KB ( 36%) used,   382.41 KB ( 64%) free+waste,   704 bytes ( <1%) overhead. 

Virtual space:
  Non-class space:       20.00 MB reserved,     256.00 KB (  1%) committed 
      Class space:        1.00 GB reserved,     512.00 KB ( <1%) committed 
             Both:        1.02 GB reserved,     768.00 KB ( <1%) committed 

Chunk freelists:
   Non-Class:  40.00 KB
       Class:  0 bytes
        Both:  40.00 KB

MaxMetaspaceSize: 17179869184.00 GB
CompressedClassSpaceSize: 1.00 GB

CodeHeap 'non-profiled nmethods': size=120000Kb used=19Kb max_used=19Kb free=119980Kb
 bounds [0x0000021a87ad0000, 0x0000021a87d40000, 0x0000021a8f000000]
CodeHeap 'profiled nmethods': size=120000Kb used=122Kb max_used=122Kb free=119877Kb
 bounds [0x0000021a805a0000, 0x0000021a80810000, 0x0000021a87ad0000]
CodeHeap 'non-nmethods': size=5760Kb used=1043Kb max_used=1054Kb free=4716Kb
 bounds [0x0000021a80000000, 0x0000021a80270000, 0x0000021a805a0000]
 total_blobs=661 nmethods=91 adapters=173
 compilation: enabled
              stopped_count=0, restarted_count=0
 full_count=0

Compilation events (20 events):
Event: 0.122 Thread 0x0000021afbc08800 nmethod 80 0x0000021a805bb910 code [0x0000021a805bbb00, 0x0000021a805bc068]
Event: 0.123 Thread 0x0000021afaef9000 nmethod 75 0x0000021a87ad3d10 code [0x0000021a87ad3ee0, 0x0000021a87ad4158]
Event: 0.123 Thread 0x0000021afaef9000   82       4       java.util.ImmutableCollections$SetN$SetNIterator::nextIndex (56 bytes)
Event: 0.123 Thread 0x0000021afbc08800   84       1       java.lang.Module::getDescriptor (5 bytes)
Event: 0.123 Thread 0x0000021afbc08800 nmethod 84 0x0000021a87ad4710 code [0x0000021a87ad48a0, 0x0000021a87ad4978]
Event: 0.124 Thread 0x0000021afaef9000 nmethod 82 0x0000021a87ad4a10 code [0x0000021a87ad4ba0, 0x0000021a87ad4c78]
Event: 0.124 Thread 0x0000021afbc08800   85       3       java.util.ImmutableCollections$SetN::iterator (9 bytes)
Event: 0.124 Thread 0x0000021afbc08800 nmethod 85 0x0000021a805bc210 code [0x0000021a805bc3c0, 0x0000021a805bc588]
Event: 0.124 Thread 0x0000021afbc08800   86       3       java.util.ImmutableCollections$SetN$SetNIterator::<init> (40 bytes)
Event: 0.125 Thread 0x0000021afbc08800 nmethod 86 0x0000021a805bc690 code [0x0000021a805bc840, 0x0000021a805bcb78]
Event: 0.125 Thread 0x0000021afbc08800   87       3       java.lang.String::hashCode (60 bytes)
Event: 0.126 Thread 0x0000021afbc08800 nmethod 87 0x0000021a805bcd10 code [0x0000021a805bcee0, 0x0000021a805bd368]
Event: 0.129 Thread 0x0000021afbc08800   88       3       java.lang.StringUTF16::getChar (60 bytes)
Event: 0.129 Thread 0x0000021afbc08800 nmethod 88 0x0000021a805bd510 code [0x0000021a805bd6a0, 0x0000021a805bd7f8]
Event: 0.133 Thread 0x0000021afbc08800   89       3       java.lang.AbstractStringBuilder::ensureCapacityInternal (39 bytes)
Event: 0.133 Thread 0x0000021afbc08800 nmethod 89 0x0000021a805bd910 code [0x0000021a805bdae0, 0x0000021a805bdf78]
Event: 0.133 Thread 0x0000021afbc08800   90       3       java.lang.StringLatin1::canEncode (13 bytes)
Event: 0.134 Thread 0x0000021afbc08800 nmethod 90 0x0000021a805be110 code [0x0000021a805be2a0, 0x0000021a805be3d8]
Event: 0.134 Thread 0x0000021afbc08800   91       3       java.lang.AbstractStringBuilder::isLatin1 (19 bytes)
Event: 0.134 Thread 0x0000021afbc08800 nmethod 91 0x0000021a805be490 code [0x0000021a805be620, 0x0000021a805be7b8]

GC Heap History (2 events):
Event: 0.139 GC heap before
{Heap before GC invocations=0 (full 0):
 garbage-first heap   total 131072K, used 0K [0x0000000081a00000, 0x0000000100000000)
  region size 1024K, 1 young (1024K), 0 survivors (0K)
 Metaspace       used 218K, capacity 602K, committed 768K, reserved 1067008K
  class space    used 9K, capacity 386K, committed 512K, reserved 1048576K
}
Event: 0.142 GC heap after
{Heap after GC invocations=1 (full 0):
 garbage-first heap   total 131072K, used 541K [0x0000000081a00000, 0x0000000100000000)
  region size 1024K, 1 young (1024K), 1 survivors (1024K)
 Metaspace       used 218K, capacity 602K, committed 768K, reserved 1067008K
  class space    used 9K, capacity 386K, committed 512K, reserved 1048576K
}

Deoptimization events (4 events):
Event: 0.125 Thread 0x0000021aeb71e000 Uncommon trap: trap_request=0xffffff45 fr.pc=0x0000021a87ad409c relative=0x00000000000001bc
Event: 0.125 Thread 0x0000021aeb71e000 Uncommon trap: reason=unstable_if action=reinterpret pc=0x0000021a87ad409c method=java.lang.String.hashCode()I @ 42 c2
Event: 0.125 Thread 0x0000021aeb71e000 DEOPT PACKING pc=0x0000021a87ad409c sp=0x000000edf46fe340
Event: 0.125 Thread 0x0000021aeb71e000 DEOPT UNPACKING pc=0x0000021a8004912f sp=0x000000edf46fe2d8 mode 2

Classes unloaded (0 events):
No events

Classes redefined (0 events):
No events

Internal exceptions (0 events):
No events

Events (20 events):
Event: 0.125 Thread 0x0000021afbd32000 Thread added: 0x0000021afbd32000
Event: 0.131 loading class jdk/internal/loader/URLClassPath$FileLoader
Event: 0.131 loading class jdk/internal/loader/URLClassPath$FileLoader done
Event: 0.132 loading class sun/nio/cs/ThreadLocalCoders
Event: 0.132 loading class sun/nio/cs/ThreadLocalCoders done
Event: 0.132 loading class sun/nio/cs/ThreadLocalCoders$1
Event: 0.132 loading class sun/nio/cs/ThreadLocalCoders$Cache
Event: 0.132 loading class sun/nio/cs/ThreadLocalCoders$Cache done
Event: 0.132 loading class sun/nio/cs/ThreadLocalCoders$1 done
Event: 0.132 loading class sun/nio/cs/ThreadLocalCoders$2
Event: 0.132 loading class sun/nio/cs/ThreadLocalCoders$2 done
Event: 0.132 loading class sun/nio/cs/UTF_8$Decoder
Event: 0.132 loading class sun/nio/cs/UTF_8$Decoder done
Event: 0.135 loading class jdk/internal/loader/URLClassPath$FileLoader$1
Event: 0.135 loading class jdk/internal/loader/URLClassPath$FileLoader$1 done
Event: 0.137 Thread 0x0000021afbd52000 Thread added: 0x0000021afbd52000
Event: 0.137 Executing VM operation: HandshakeOneThread
Event: 0.137 Executing VM operation: HandshakeOneThread done
Event: 0.139 loading class java/util/Scanner
Event: 0.139 Executing VM operation: CollectForMetadataAllocation


Dynamic libraries:
0x00007ff746cd0000 - 0x00007ff746cdf000 	C:\Program Files\Java\jdk-14.0.1\bin\javaw.exe
0x00007ffc8ad30000 - 0x00007ffc8af25000 	C:\Windows\SYSTEM32\ntdll.dll
0x00007ffc896b0000 - 0x00007ffc8976d000 	C:\Windows\System32\KERNEL32.DLL
0x00007ffc88990000 - 0x00007ffc88c59000 	C:\Windows\System32\KERNELBASE.dll
0x00007ffc88c90000 - 0x00007ffc88d90000 	C:\Windows\System32\ucrtbase.dll
0x00007ffc81420000 - 0x00007ffc81438000 	C:\Program Files\Java\jdk-14.0.1\bin\jli.dll
0x00007ffc6e6e0000 - 0x00007ffc6e6f5000 	C:\Program Files\Java\jdk-14.0.1\bin\VCRUNTIME140.dll
0x00007ffc8a3d0000 - 0x00007ffc8a47c000 	C:\Windows\System32\ADVAPI32.dll
0x00007ffc898f0000 - 0x00007ffc8998e000 	C:\Windows\System32\msvcrt.dll
0x00007ffc89770000 - 0x00007ffc8980c000 	C:\Windows\System32\sechost.dll
0x00007ffc899f0000 - 0x00007ffc89b1b000 	C:\Windows\System32\RPCRT4.dll
0x00007ffc8a190000 - 0x00007ffc8a330000 	C:\Windows\System32\USER32.dll
0x00007ffc88c60000 - 0x00007ffc88c82000 	C:\Windows\System32\win32u.dll
0x00007ffc8a3a0000 - 0x00007ffc8a3ca000 	C:\Windows\System32\GDI32.dll
0x00007ffc887e0000 - 0x00007ffc888eb000 	C:\Windows\System32\gdi32full.dll
0x00007ffc888f0000 - 0x00007ffc8898d000 	C:\Windows\System32\msvcp_win.dll
0x00007ffc7fbf0000 - 0x00007ffc7fe8a000 	C:\Windows\WinSxS\amd64_microsoft.windows.common-controls_6595b64144ccf1df_6.0.19041.844_none_ca00b6081b84eb1d\COMCTL32.dll
0x00007ffc88270000 - 0x00007ffc8827a000 	C:\Windows\SYSTEM32\VERSION.dll
0x00007ffc8a4f0000 - 0x00007ffc8a520000 	C:\Windows\System32\IMM32.DLL
0x00007ffc88280000 - 0x00007ffc882b1000 	C:\Windows\system32\nvinitx.dll
0x000000000f000000 - 0x000000000f006000 	C:\Program Files\NVIDIA Corporation\CoProcManager\_etoured.dll
0x00007ffc843a0000 - 0x00007ffc843d2000 	C:\Program Files\NVIDIA Corporation\CoProcManager\nvd3d9wrapx.dll
0x00007ffc8a520000 - 0x00007ffc8a989000 	C:\Windows\System32\SETUPAPI.dll
0x00007ffc88790000 - 0x00007ffc887de000 	C:\Windows\System32\cfgmgr32.dll
0x00007ffc886e0000 - 0x00007ffc88707000 	C:\Windows\System32\bcrypt.dll
0x00007ffc84310000 - 0x00007ffc84332000 	C:\Program Files\NVIDIA Corporation\CoProcManager\nvdxgiwrapx.dll
0x00007ffc63130000 - 0x00007ffc631cb000 	C:\Program Files\Java\jdk-14.0.1\bin\msvcp140.dll
0x00007ffc41d00000 - 0x00007ffc4281e000 	C:\Program Files\Java\jdk-14.0.1\bin\server\jvm.dll
0x00007ffc8aa00000 - 0x00007ffc8aa08000 	C:\Windows\System32\PSAPI.DLL
0x00007ffc81580000 - 0x00007ffc81589000 	C:\Windows\SYSTEM32\WSOCK32.dll
0x00007ffc8a480000 - 0x00007ffc8a4eb000 	C:\Windows\System32\WS2_32.dll
0x00007ffc80330000 - 0x00007ffc80357000 	C:\Windows\SYSTEM32\WINMM.dll
0x00007ffc86380000 - 0x00007ffc86392000 	C:\Windows\SYSTEM32\kernel.appcore.dll
0x00007ffc6f930000 - 0x00007ffc6f93a000 	C:\Program Files\Java\jdk-14.0.1\bin\jimage.dll
0x00007ffc7b7e0000 - 0x00007ffc7b9c4000 	C:\Windows\SYSTEM32\DBGHELP.DLL
0x00007ffc7b7b0000 - 0x00007ffc7b7dc000 	C:\Windows\SYSTEM32\dbgcore.DLL
0x0000021ae94a0000 - 0x0000021ae9520000 	C:\Windows\System32\bcryptPrimitives.dll
0x00007ffc65bf0000 - 0x00007ffc65c15000 	C:\Program Files\Java\jdk-14.0.1\bin\java.dll
0x00007ffc693b0000 - 0x00007ffc693c6000 	C:\Program Files\Java\jdk-14.0.1\bin\zip.dll
0x00007ffc88e40000 - 0x00007ffc89582000 	C:\Windows\System32\SHELL32.dll
0x00007ffc86580000 - 0x00007ffc86d10000 	C:\Windows\SYSTEM32\windows.storage.dll
0x00007ffc89b40000 - 0x00007ffc89e95000 	C:\Windows\System32\combase.dll
0x00007ffc87dc0000 - 0x00007ffc87dec000 	C:\Windows\SYSTEM32\Wldp.dll
0x00007ffc88d90000 - 0x00007ffc88e3e000 	C:\Windows\System32\SHCORE.dll
0x00007ffc8ac90000 - 0x00007ffc8ace5000 	C:\Windows\System32\shlwapi.dll
0x00007ffc883b0000 - 0x00007ffc883cf000 	C:\Windows\SYSTEM32\profapi.dll

dbghelp: loaded successfully - version: 4.0.5 - missing functions: none
symbol engine: initialized successfully - sym options: 0x614 - pdb path: .;C:\Program Files\Java\jdk-14.0.1\bin;C:\Windows\SYSTEM32;C:\Windows\WinSxS\amd64_microsoft.windows.common-controls_6595b64144ccf1df_6.0.19041.844_none_ca00b6081b84eb1d;C:\Program Files\NVIDIA Corporation\CoProcManager;C:\Program Files\Java\jdk-14.0.1\bin\server

VM Arguments:
jvm_args: -Dfile.encoding=UTF-8 -XX:+ShowCodeDetailsInExceptionMessages 
java_command: Main C:\Users\Pham Thanh\Desktop\Android\JavaCore\BaiTapCuoiKHhoa_JavaCore\QuanLySinhVien\data
java_class_path (initial): C:\Users\Pham Thanh\eclipse-workspace\PhamVanThanh_BTL_Java55\bin
Launcher Type: SUN_STANDARD

[Global flags]
     intx CICompilerCount                          = 3                                         {product} {ergonomic}
     uint ConcGCThreads                            = 1                                         {product} {ergonomic}
     uint G1ConcRefinementThreads                  = 4                                         {product} {ergonomic}
   size_t G1HeapRegionSize                         = 1048576                                   {product} {ergonomic}
    uintx GCDrainStackTargetSize                   = 64                                        {product} {ergonomic}
   size_t InitialHeapSize                          = 134217728                                 {product} {ergonomic}
   size_t MarkStackSize                            = 4194304                                   {product} {ergonomic}
   size_t MaxHeapSize                              = 2120220672                                {product} {ergonomic}
   size_t MaxNewSize                               = 1271922688                                {product} {ergonomic}
   size_t MinHeapDeltaBytes                        = 1048576                                   {product} {ergonomic}
   size_t MinHeapSize                              = 8388608                                   {product} {ergonomic}
    uintx NonNMethodCodeHeapSize                   = 5832780                                {pd product} {ergonomic}
    uintx NonProfiledCodeHeapSize                  = 122912730                              {pd product} {ergonomic}
    uintx ProfiledCodeHeapSize                     = 122912730                              {pd product} {ergonomic}
    uintx ReservedCodeCacheSize                    = 251658240                              {pd product} {ergonomic}
     bool SegmentedCodeCache                       = true                                      {product} {ergonomic}
     bool ShowCodeDetailsInExceptionMessages       = true                                   {manageable} {command line}
   size_t SoftMaxHeapSize                          = 2120220672                             {manageable} {ergonomic}
     bool UseCompressedClassPointers               = true                                 {lp64_product} {ergonomic}
     bool UseCompressedOops                        = true                                 {lp64_product} {ergonomic}
     bool UseG1GC                                  = true                                      {product} {ergonomic}
     bool UseLargePagesIndividualAllocation        = false                                  {pd product} {ergonomic}

Logging:
Log output configuration:
 #0: stdout all=warning uptime,level,tags
 #1: stderr all=off uptime,level,tags

Environment Variables:
JAVA_HOME=C:\Program Files\Java\jdk-14.0.1
PATH=C:/Program Files/Java/jdk-14.0.1/bin/server;C:/Program Files/Java/jdk-14.0.1/bin;C:\Python38\Scripts\;C:\Python38\;C:\Program Files (x86)\Common Files\Oracle\Java\javapath;C:\Windows;C:\Windows\system32;C:\Windows;C:\Windows\System32\Wbem;C:\Windows\System32\WindowsPowerShell\v1.0\;C:\Windows\System32\OpenSSH\;C:\Users\Pham Thanh\AppData\Local\Android\Sdk;C:\MinGW\bin;C:\Programs\mingw-w64-7\i686-w64-mingw32\bin;C:\Users\Pham Thanh\AppData\Local\Programs\Microsoft VS Code\bin;C:\Program Files\Java\jdk1.8.0_251\bin;C:\Program Files\Java\jdk-14.0.1;C:\Program Files\Git\cmd;C:\ProgramData\pbox;C:\ProgramData\chocolatey\bin;C:\Program Files (x86)\Yarn\bin\;C:\Users\PhamThanh\AppData\Local\Android\Sdk\tools\bin;C:\Users\Pham Thanh\AppData\Local\Android\Sdk\platform-tools;C:\Program Files\NVIDIA Corporation\NVIDIA NvDLISR;C:\Users\Pham Thanh\AppData\Roaming\npm;C:\src\flutter\flutter\bin;C:\Program Files\Microsoft Network Monitor 3\;C:\Users\Pham Thanh\AppData\Local\Microsoft\WindowsApps;C:\Users\Pham Thanh\AppData\Local\atom\bin;C:\Users\Pham Thanh\AppData\Local\Yarn\bin;C:\Users\Pham Thanh\AppData\Local\Programs\Microsoft VS Code\bin;C:\Users\Pham Thanh\AppData\Local\Programs\MiKTeX\miktex\bin\x64\;E:\Nmap;C:\Windows\System32;
USERNAME=Pham Thanh
OS=Windows_NT
PROCESSOR_IDENTIFIER=Intel64 Family 6 Model 58 Stepping 9, GenuineIntel



---------------  S Y S T E M  ---------------

OS: Windows 10 , 64 bit Build 19041 (10.0.19041.804)
OS uptime: 13 days 20:36 hours

CPU:total 4 (initial active 4) (2 cores per cpu, 2 threads per core) family 6 model 58 stepping 9, cmov, cx8, fxsr, mmx, sse, sse2, sse3, ssse3, sse4.1, sse4.2, popcnt, avx, aes, clmul, erms, ht, tsc, tscinvbit, tscinv

Memory: 4k page, system-wide physical 8084M (2292M free)
TotalPageFile size 13958M (AvailPageFile size 3M)
current process WorkingSet (physical memory assigned to process): 28M, peak: 28M
current process commit charge ("private bytes"): 202M, peak: 203M

vm_info: Java HotSpot(TM) 64-Bit Server VM (14.0.1+7) for windows-amd64 JRE (14.0.1+7), built on Mar  5 2020 10:30:14 by "mach5one" with MS VC++ 15.9 (VS2017)

END.
